<?xml version="1.0" encoding="UTF-8"?>
<testng-results skipped="0" failed="0" total="1" passed="1">
  <reporter-output>
  </reporter-output>
  <suite name="Default suite" duration-ms="1277" started-at="2018-07-04T06:24:53Z" finished-at="2018-07-04T06:24:54Z">
    <groups>
    </groups>
    <test name="Default test" duration-ms="1277" started-at="2018-07-04T06:24:53Z" finished-at="2018-07-04T06:24:54Z">
      <class name="com.restassured.test.CRUDOperationsTest">
        <test-method status="PASS" signature="deleteTest()[pri:0, instance:com.restassured.test.CRUDOperationsTest@51081592]" name="deleteTest" duration-ms="1256" started-at="2018-07-04T11:54:53Z" finished-at="2018-07-04T11:54:54Z">
          <reporter-output>
          </reporter-output>
        </test-method> <!-- deleteTest -->
      </class> <!-- com.restassured.test.CRUDOperationsTest -->
    </test> <!-- Default test -->
  </suite> <!-- Default suite -->
</testng-results>
